2025-09-14 12:52:53.133 | INFO     | utils_logger:<module>:41 - Logging to file: logs\project_log.log
2025-09-14 12:52:54.369 | INFO     | mrutu_get_csv:main:97 - Starting CSV fetch demonstration...
2025-09-14 12:52:54.369 | INFO     | mrutu_get_csv:fetch_csv_file:56 - Fetching CSV data from https://raw.githubusercontent.com/MainakRepositor/Datasets/master/World%20Happiness%20Data/2020.csv...
2025-09-14 12:52:54.899 | INFO     | mrutu_get_csv:write_csv_file:80 - Writing CSV data to example_data\2020_happiness.csv...
2025-09-14 12:52:54.901 | INFO     | mrutu_get_csv:write_csv_file:84 - SUCCESS: CSV data written to example_data\2020_happiness.csv
2025-09-14 12:52:54.902 | INFO     | mrutu_get_csv:fetch_csv_file:60 - SUCCESS: CSV file fetched and saved as 2020_happiness.csv
2025-09-14 12:52:54.903 | INFO     | mrutu_get_excel:main:97 - Starting Excel fetch demonstration...
2025-09-14 12:52:54.904 | INFO     | mrutu_get_excel:fetch_excel_file:56 - Fetching Excel data from https://raw.githubusercontent.com/denisecase/datafun-03-analytics/main/hosted/Feedback.xlsx...
2025-09-14 12:52:55.276 | INFO     | mrutu_get_excel:write_excel_file:80 - Writing Excel data to example_data\Feedback.xlsx...
2025-09-14 12:52:55.278 | INFO     | mrutu_get_excel:write_excel_file:84 - SUCCESS: Excel data written to example_data\Feedback.xlsx
2025-09-14 12:52:55.278 | INFO     | mrutu_get_excel:fetch_excel_file:60 - SUCCESS: Excel file fetched and saved as Feedback.xlsx
2025-09-14 12:52:55.280 | INFO     | mrutu_get_json:main:98 - Starting JSON fetch demonstration...
2025-09-14 12:52:55.280 | INFO     | mrutu_get_json:fetch_json_file:57 - Fetching JSON data from http://api.open-notify.org/astros.json...
2025-09-14 12:52:55.919 | INFO     | mrutu_get_json:write_json_file:81 - Writing JSON data to example_data\astros.json...
2025-09-14 12:52:55.934 | INFO     | mrutu_get_json:write_json_file:85 - SUCCESS: JSON data written to example_data\astros.json
2025-09-14 12:52:55.935 | INFO     | mrutu_get_json:fetch_json_file:61 - SUCCESS: JSON file fetched and saved as astros.json
2025-09-14 12:52:55.936 | INFO     | mrutu_get_text:main:97 - Starting text fetch demonstration...
2025-09-14 12:52:55.936 | INFO     | mrutu_get_text:fetch_txt_file:56 - Fetching text data from https://raw.githubusercontent.com/denisecase/datafun-03-analytics/main/hosted/romeo.txt...
2025-09-14 12:52:56.692 | INFO     | mrutu_get_text:write_txt_file:80 - Writing data to example_data\romeo.txt...
2025-09-14 12:52:56.693 | INFO     | mrutu_get_text:write_txt_file:84 - SUCCESS: Data written to example_data\romeo.txt
2025-09-14 12:52:56.693 | INFO     | mrutu_get_text:fetch_txt_file:60 - SUCCESS: Text file fetched and saved as romeo.txt
2025-09-14 12:52:56.724 | INFO     | mrutu_process_csv:process_csv_file:90 - Processed CSV file: example_data\2020_happiness.csv, Statistics saved to: example_processed\happiness_ladder_score_stats.txt
2025-09-14 12:52:56.752 | INFO     | mrutu_process_excel:process_excel_file:76 - Processed Excel file: example_data\Feedback.xlsx, Word count saved to: example_processed\excel_feedback_github_count.txt
2025-09-14 12:52:56.761 | INFO     | mrutu_process_json:process_json_file:111 - Processed JSON file: example_data\astros.json, Results saved to: example_processed\json_astronauts_by_craft.txt
2025-09-14 12:52:56.780 | INFO     | mrutu_process_text:process_text_file:65 - Processed text file: example_data\romeo.txt, Word count saved to: example_processed\text_romeo_word_count.txt
2025-09-14 13:57:10.628 | INFO     | utils_logger:<module>:41 - Logging to file: logs\project_log.log
2025-09-14 13:57:10.628 | INFO     | __main__:main:97 - Starting CSV fetch demonstration...
2025-09-14 13:57:10.628 | INFO     | __main__:fetch_csv_file:56 - Fetching CSV data from https://raw.githubusercontent.com/MainakRepositor/Datasets/master/World%20Happiness%20Data/2020.csv...
2025-09-14 13:57:12.951 | INFO     | __main__:write_csv_file:80 - Writing CSV data to example_data\2020_happiness.csv...
2025-09-14 13:57:12.953 | INFO     | __main__:write_csv_file:84 - SUCCESS: CSV data written to example_data\2020_happiness.csv
2025-09-14 13:57:12.954 | INFO     | __main__:fetch_csv_file:60 - SUCCESS: CSV file fetched and saved as 2020_happiness.csv
2025-09-14 13:57:23.285 | INFO     | utils_logger:<module>:41 - Logging to file: logs\project_log.log
2025-09-14 13:57:23.285 | INFO     | __main__:main:97 - Starting Excel fetch demonstration...
2025-09-14 13:57:23.285 | INFO     | __main__:fetch_excel_file:56 - Fetching Excel data from https://raw.githubusercontent.com/denisecase/datafun-03-analytics/main/hosted/Feedback.xlsx...
2025-09-14 13:57:23.715 | INFO     | __main__:write_excel_file:80 - Writing Excel data to example_data\Feedback.xlsx...
2025-09-14 13:57:23.717 | INFO     | __main__:write_excel_file:84 - SUCCESS: Excel data written to example_data\Feedback.xlsx
2025-09-14 13:57:23.717 | INFO     | __main__:fetch_excel_file:60 - SUCCESS: Excel file fetched and saved as Feedback.xlsx
2025-09-14 13:57:32.277 | INFO     | utils_logger:<module>:41 - Logging to file: logs\project_log.log
2025-09-14 13:57:32.277 | INFO     | __main__:main:98 - Starting JSON fetch demonstration...
2025-09-14 13:57:32.277 | INFO     | __main__:fetch_json_file:57 - Fetching JSON data from http://api.open-notify.org/astros.json...
2025-09-14 13:57:32.493 | INFO     | __main__:write_json_file:81 - Writing JSON data to example_data\astros.json...
2025-09-14 13:57:32.505 | INFO     | __main__:write_json_file:85 - SUCCESS: JSON data written to example_data\astros.json
2025-09-14 13:57:32.506 | INFO     | __main__:fetch_json_file:61 - SUCCESS: JSON file fetched and saved as astros.json
2025-09-14 13:57:39.960 | INFO     | utils_logger:<module>:41 - Logging to file: logs\project_log.log
2025-09-14 13:57:39.960 | INFO     | __main__:main:97 - Starting text fetch demonstration...
2025-09-14 13:57:39.960 | INFO     | __main__:fetch_txt_file:56 - Fetching text data from https://raw.githubusercontent.com/denisecase/datafun-03-analytics/main/hosted/romeo.txt...
2025-09-14 13:57:40.350 | INFO     | __main__:write_txt_file:80 - Writing data to example_data\romeo.txt...
2025-09-14 13:57:40.351 | INFO     | __main__:write_txt_file:84 - SUCCESS: Data written to example_data\romeo.txt
2025-09-14 13:57:40.352 | INFO     | __main__:fetch_txt_file:60 - SUCCESS: Text file fetched and saved as romeo.txt
2025-09-14 13:57:50.461 | INFO     | utils_logger:<module>:41 - Logging to file: logs\project_log.log
2025-09-14 13:57:50.461 | INFO     | __main__:<module>:97 - Starting CSV processing...
2025-09-14 13:57:50.482 | INFO     | __main__:process_csv_file:90 - Processed CSV file: example_data\2020_happiness.csv, Statistics saved to: example_processed\happiness_ladder_score_stats.txt
2025-09-14 13:57:50.483 | INFO     | __main__:<module>:99 - CSV processing complete.
2025-09-14 13:58:03.398 | INFO     | utils_logger:<module>:41 - Logging to file: logs\project_log.log
2025-09-14 13:58:03.399 | INFO     | __main__:<module>:83 - Starting Excel processing...
2025-09-14 13:58:03.430 | INFO     | __main__:process_excel_file:76 - Processed Excel file: example_data\Feedback.xlsx, Word count saved to: example_processed\excel_feedback_github_count.txt
2025-09-14 13:58:03.432 | INFO     | __main__:<module>:85 - Excel processing complete.
2025-09-14 13:58:12.389 | INFO     | utils_logger:<module>:41 - Logging to file: logs\project_log.log
2025-09-14 13:58:12.389 | INFO     | __main__:<module>:118 - Starting JSON processing...
2025-09-14 13:58:12.404 | INFO     | __main__:process_json_file:111 - Processed JSON file: get_data\astros.json, Results saved to: processed_data\json_astronauts_by_craft.txt
2025-09-14 13:58:12.405 | INFO     | __main__:<module>:120 - JSON processing complete.
2025-09-14 13:58:21.313 | INFO     | utils_logger:<module>:41 - Logging to file: logs\project_log.log
2025-09-14 13:58:21.313 | INFO     | __main__:<module>:72 - Starting text processing...
2025-09-14 13:58:21.359 | INFO     | __main__:process_text_file:65 - Processed text file: example_data\romeo.txt, Word count saved to: example_processed\text_romeo_word_count.txt
2025-09-14 13:58:21.359 | INFO     | __main__:<module>:74 - Text processing complete.
2025-09-14 13:58:29.410 | INFO     | utils_logger:<module>:41 - Logging to file: logs\project_log.log
2025-09-14 13:58:29.411 | INFO     | __main__:main:97 - Starting CSV fetch demonstration...
2025-09-14 13:58:29.411 | INFO     | __main__:fetch_csv_file:56 - Fetching CSV data from https://raw.githubusercontent.com/MainakRepositor/Datasets/master/World%20Happiness%20Data/2020.csv...
2025-09-14 13:58:29.699 | INFO     | __main__:write_csv_file:80 - Writing CSV data to example_data\2020_happiness.csv...
2025-09-14 13:58:29.701 | INFO     | __main__:write_csv_file:84 - SUCCESS: CSV data written to example_data\2020_happiness.csv
2025-09-14 13:58:29.701 | INFO     | __main__:fetch_csv_file:60 - SUCCESS: CSV file fetched and saved as 2020_happiness.csv
2025-09-14 13:58:43.206 | INFO     | utils_logger:<module>:41 - Logging to file: logs\project_log.log
2025-09-14 13:58:43.206 | INFO     | __main__:main:97 - Starting Excel fetch demonstration...
2025-09-14 13:58:43.206 | INFO     | __main__:fetch_excel_file:56 - Fetching Excel data from https://raw.githubusercontent.com/denisecase/datafun-03-analytics/main/hosted/Feedback.xlsx...
2025-09-14 13:58:43.533 | INFO     | __main__:write_excel_file:80 - Writing Excel data to example_data\Feedback.xlsx...
2025-09-14 13:58:43.535 | INFO     | __main__:write_excel_file:84 - SUCCESS: Excel data written to example_data\Feedback.xlsx
2025-09-14 13:58:43.535 | INFO     | __main__:fetch_excel_file:60 - SUCCESS: Excel file fetched and saved as Feedback.xlsx
2025-09-14 13:58:55.450 | INFO     | utils_logger:<module>:41 - Logging to file: logs\project_log.log
2025-09-14 13:58:55.450 | INFO     | __main__:main:98 - Starting JSON fetch demonstration...
2025-09-14 13:58:55.450 | INFO     | __main__:fetch_json_file:57 - Fetching JSON data from http://api.open-notify.org/astros.json...
2025-09-14 13:58:56.598 | INFO     | __main__:write_json_file:81 - Writing JSON data to example_data\astros.json...
2025-09-14 13:58:56.601 | INFO     | __main__:write_json_file:85 - SUCCESS: JSON data written to example_data\astros.json
2025-09-14 13:58:56.602 | INFO     | __main__:fetch_json_file:61 - SUCCESS: JSON file fetched and saved as astros.json
2025-09-14 13:59:09.640 | INFO     | utils_logger:<module>:41 - Logging to file: logs\project_log.log
2025-09-14 13:59:09.640 | INFO     | __main__:main:97 - Starting text fetch demonstration...
2025-09-14 13:59:09.640 | INFO     | __main__:fetch_txt_file:56 - Fetching text data from https://raw.githubusercontent.com/denisecase/datafun-03-analytics/main/hosted/romeo.txt...
2025-09-14 13:59:10.163 | INFO     | __main__:write_txt_file:80 - Writing data to example_data\romeo.txt...
2025-09-14 13:59:10.166 | INFO     | __main__:write_txt_file:84 - SUCCESS: Data written to example_data\romeo.txt
2025-09-14 13:59:10.166 | INFO     | __main__:fetch_txt_file:60 - SUCCESS: Text file fetched and saved as romeo.txt
2025-09-14 13:59:20.455 | INFO     | utils_logger:<module>:41 - Logging to file: logs\project_log.log
2025-09-14 13:59:20.455 | INFO     | __main__:<module>:97 - Starting CSV processing...
2025-09-14 13:59:20.479 | INFO     | __main__:process_csv_file:90 - Processed CSV file: example_data\2020_happiness.csv, Statistics saved to: example_processed\happiness_ladder_score_stats.txt
2025-09-14 13:59:20.479 | INFO     | __main__:<module>:99 - CSV processing complete.
2025-09-14 13:59:34.146 | INFO     | utils_logger:<module>:41 - Logging to file: logs\project_log.log
2025-09-14 13:59:34.146 | INFO     | __main__:<module>:83 - Starting Excel processing...
2025-09-14 13:59:34.179 | INFO     | __main__:process_excel_file:76 - Processed Excel file: example_data\Feedback.xlsx, Word count saved to: example_processed\excel_feedback_github_count.txt
2025-09-14 13:59:34.186 | INFO     | __main__:<module>:85 - Excel processing complete.
2025-09-14 13:59:42.779 | INFO     | utils_logger:<module>:41 - Logging to file: logs\project_log.log
2025-09-14 13:59:42.780 | INFO     | __main__:<module>:118 - Starting JSON processing...
2025-09-14 13:59:42.780 | INFO     | __main__:process_json_file:111 - Processed JSON file: get_data\astros.json, Results saved to: processed_data\json_astronauts_by_craft.txt
2025-09-14 13:59:42.780 | INFO     | __main__:<module>:120 - JSON processing complete.
2025-09-14 13:59:51.917 | INFO     | utils_logger:<module>:41 - Logging to file: logs\project_log.log
2025-09-14 13:59:51.917 | INFO     | __main__:<module>:72 - Starting text processing...
2025-09-14 13:59:51.959 | INFO     | __main__:process_text_file:65 - Processed text file: example_data\romeo.txt, Word count saved to: example_processed\text_romeo_word_count.txt
2025-09-14 13:59:51.960 | INFO     | __main__:<module>:74 - Text processing complete.
